[Bootstrap]
SetupTitle=安装
SetupText=正在复制文件，请等待。
CabFile=RSGradeControl.CAB
Spawn=Setup1.exe
Uninstal=st6unst.exe
TmpDir=msftqws.pdw
Cabs=1

[Bootstrap Files]
File1=@VB6STKIT.DLL,$(WinSysPathSysFile),,,1/16/01 12:00:00 AM,101888,6.0.84.50
File2=@COMCAT.DLL,$(WinSysPathSysFile),$(DLLSelfRegister),,6/1/99 12:00:00 AM,22288,4.71.1460.1
File3=@VB6CHS.DLL,$(WinSysPath),,$(Shared),10/2/00 12:00:00 AM,102160,6.0.89.88
File4=@STDOLE2.TLB,$(WinSysPathSysFile),$(TLBRegister),,6/3/99 12:00:00 AM,17920,2.40.4275.1
File5=@ASYCFILT.DLL,$(WinSysPathSysFile),,,3/8/99 12:00:00 AM,147728,2.40.4275.1
File6=@OLEPRO32.DLL,$(WinSysPathSysFile),$(DLLSelfRegister),,3/8/99 12:00:00 AM,164112,5.0.4275.1
File7=@OLEAUT32.DLL,$(WinSysPathSysFile),$(DLLSelfRegister),,4/12/00 12:00:00 AM,598288,2.40.4275.1
File8=@msvbvm60.dll,$(WinSysPathSysFile),$(DLLSelfRegister),,1/21/08 10:24:39 AM,1386496,6.0.98.2

[IconGroups]
Group0=RSGradeControl
PrivateGroup0=-1
Parent0=$(Programs)
Group1=$(Start Menu)
PrivateGroup1=-1
Parent1=

[RSGradeControl]
Icon1="Password.txt"
Title1=PassWorld
StartIn1=$(AppPath)
Icon2="RSGradeControl.exe"
Title2=RSGradeControl
StartIn2=$(AppPath)

[$(Start Menu)]
Icon1="RSGradeControl.exe"
Title1=RSGradeControl
StartIn1=$(AppPath)

[Setup]
Title=RSGradeControl Alpha
DefaultDir=$(ProgramFiles)\RSGradeControl
AppExe=RSGradeControl.exe
AppToUninstall=RSGradeControl.exe

[Setup1 Files]
File1=@Password.txt,$(AppPath),,,7/20/11 5:17:40 PM,32,0.0.0.0
File2=@MSCMCCHS.DLL,$(WinSysPath),,$(Shared),7/7/98 12:00:00 AM,124416,6.0.81.63
File3=@MSCOMCTL.OCX,$(WinSysPath),$(DLLSelfRegister),$(Shared),3/9/04 12:00:00 AM,1081616,6.1.97.82
File4=@RCHTXCHS.DLL,$(WinSysPath),,$(Shared),4/24/98 12:00:00 AM,30720,6.0.80.37
File5=@GAPI32.DLL,$(WinSysPathSysFile),,,4/24/98 12:00:00 AM,83552,4.0.994.25
File6=@RICHED32.DLL,$(WinSysPathSysFile),,,4/24/98 12:00:00 AM,197392,4.0.994.24
File7=@richtx32.ocx,$(WinSysPath),$(DLLSelfRegister),$(Shared),3/9/04 12:00:00 AM,212240,6.1.97.82
File8=@VB5DB.DLL,$(WinSysPath),,$(Shared),6/18/98 12:00:00 AM,89360,6.0.81.69
File9=@msjtes40.dll,$(WinSysPathSysFile),$(DLLSelfRegister),,1/21/08 10:25:14 AM,299008,4.0.9702.0
File10=@msrepl40.dll,$(WinSysPathSysFile),,,1/21/08 10:25:03 AM,647168,4.0.9702.0
File11=@msrd3x40.dll,$(WinSysPathSysFile),$(DLLSelfRegister),,1/21/08 10:25:08 AM,344064,4.0.9703.0
File12=@msrd2x40.dll,$(WinSysPathSysFile),$(DLLSelfRegister),,11/2/06 5:46:09 PM,323584,4.0.9635.0
File13=@mswdat10.dll,$(WinSysPathSysFile),,,11/2/06 5:46:10 PM,856064,4.0.9635.0
File14=@mswstr10.dll,$(WinSysPathSysFile),,,11/2/06 5:46:10 PM,622592,4.0.9635.0
File15=@expsrv.dll,$(WinSysPathSysFile),,,11/2/06 5:46:04 PM,380957,6.0.72.9589
File16=@vbajet32.dll,$(WinSysPathSysFile),,,11/2/06 5:46:13 PM,30749,6.0.1.9431
File17=@msjint40.dll,$(WinSysPathSysFile),,,11/2/06 5:46:09 PM,167936,4.0.9635.0
File18=@msjter40.dll,$(WinSysPathSysFile),,,11/2/06 5:46:09 PM,77824,4.0.9635.0
File19=@msjet40.dll,$(WinSysPathSysFile),$(DLLSelfRegister),,1/21/08 10:25:03 AM,1589248,4.0.9704.0
File20=@dao360.dll,$(MSDAOPath),$(DLLSelfRegister),$(Shared),1/21/08 10:24:54 AM,610304,3.60.9704.0
File21=@DBRPRCHS.DLL,$(WinSysPath),,$(Shared),7/7/98 12:00:00 AM,30208,6.0.81.63
File22=@STDFTCHS.DLL,$(WinSysPath),,$(Shared),7/7/98 12:00:00 AM,6144,6.0.81.63
File23=@MSSTDFMT.DLL,$(WinSysPath),$(DLLSelfRegister),$(Shared),2/23/04 12:00:00 AM,119808,6.1.97.82
File24=@MSDBRPTR.DLL,$(WinSysPath),$(DLLSelfRegister),$(Shared),2/23/04 12:00:00 AM,322560,6.1.97.82
File25=@RSGradeControl.exe,$(AppPath),,,7/20/11 5:20:57 PM,356352,1.0.0.0

; 要在满的安装盘上定制该文件，需要额外的空间，下列行可能被删除。
; 
; XXXXXXXXXXXXXXXXXXXXXXXXXXXXXXXXXXXXXXXXXXXXXXXXXXXXXXXXXXXX
; XXXXXXXXXXXXXXXXXXXXXXXXXXXXXXXXXXXXXXXXXXXXXXXXXXXXXXXXXXXX
; XXXXXXXXXXXXXXXXXXXXXXXXXXXXXXXXXXXXXXXXXXXXXXXXXXXXXXXXXXXX
; XXXXXXXXXXXXXXXXXXXXXXXXXXXXXXXXXXXXXXXXXXXXXXXXXXXXXXXXXXXX
; XXXXXXXXXXXXXXXXXXXXXXXXXXXXXXXXXXXXXXXXXXXXXXXXXXXXXXXXXXXX
; XXXXXXXXXXXXXXXXXXXXXXXXXXXXXXXXXXXXXXXXXXXXXXXXXXXXXXXXXXXX
; XXXXXXXXXXXXXXXXXXXXXXXXXXXXXXXXXXXXXXXXXXXXXXXXXXXXXXXXXXXX
; XXXXXXXXXXXXXXXXXXXXXXXXXXXXXXXXXXXXXXXXXXXXXXXXXXXXXXXXXXXX
; XXXXXXXXXXXXXXXXXXXXXXXXXXXXXXXXXXXXXXXXXXXXXXXXXXXXXXXXXXXX
; XXXXXXXXXXXXXXXXXXXXXXXXXXXXXXXXXXXXXXXXXXXXXXXXXXXXXXXXXXXX
; XXXXXXXXXXXXXXXXXXXXXXXXXXXXXXXXXXXXXXXXXXXXXXXXXXXXXXXXXXXX
; XXXXXXXXXXXXXXXXXXXXXXXXXXXXXXXXXXXXXXXXXXXXXXXXXXXXXXXXXXXX
; XXXXXXXXXXXXXXXXXXXXXXXXXXXXXXXXXXXXXXXXXXXXXXXXXXXXXXXXXXXX
; XXXXXXXXXXXXXXXXXXXXXXXXXXXXXXXXXXXXXXXXXXXXXXXXXXXXXXXXXXXX
; XXXXXXXXXXXXXXXXXXXXXXXXXXXXXXXXXXXXXXXXXXXXXXXXXXXXXXXXXXXX
; XXXXXXXXXXXXXXXXXXXXXXXXXXXXXXXXXXXXXXXXXXXXXXXXXXXXXXXXXXXX
; XXXXXXXXXXXXXXXXXXXXXXXXXXXXXXXXXXXXXXXXXXXXXXXXXXXXXXXXXXXX
; XXXXXXXXXXXXXXXXXXXXXXXXXXXXXXXXXXXXXXXXXXXXXXXXXXXXXXXXXXXX
; XXXXXXXXXXXXXXXXXXXXXXXXXXXXXXXXXXXXXXXXXXXXXXXXXXXXXXXXXXXX
; XXXXXXXXXXXXXXXXXXXXXXXXXXXXXXXXXXXXXXXXXXXXXXXXXXXXXXXXXXXX
; XXXXXXXXXXXXXXXXXXXXXXXXXXXXXXXXXXXXXXXXXXXXXXXXXXXXXXXXXXXX
; XXXXXXXXXXXXXXXXXXXXXXXXXXXXXXXXXXXXXXXXXXXXXXXXXXXXXXXXXXXX
; XXXXXXXXXXXXXXXXXXXXXXXXXXXXXXXXXXXXXXXXXXXXXXXXXXXXXXXXXXXX
; XXXXXXXXXXXXXXXXXXXXXXXXXXXXXXXXXXXXXXXXXXXXXXXXXXXXXXXXXXXX
; XXXXXXXXXXXXXXXXXXXXXXXXXXXXXXXXXXXXXXXXXXXXXXXXXXXXXXXXXXXX
; XXXXXXXXXXXXXXXXXXXXXXXXXXXXXXXXXXXXXXXXXXXXXXXXXXXXXXXXXXXX
; XXXXXXXXXXXXXXXXXXXXXXXXXXXXXXXXXXXXXXXXXXXXXXXXXXXXXXXXXXXX
; XXXXXXXXXXXXXXXXXXXXXXXXXXXXXXXXXXXXXXXXXXXXXXXXXXXXXXXXXXXX
; XXXXXXXXXXXXXXXXXXXXXXXXXXXXXXXXXXXXXXXXXXXXXXXXXXXXXXXXXXXX
; XXXXXXXXXXXXXXXXXXXXXXXXXXXXXXXXXXXXXXXXXXXXXXXXXXXXXXXXXXXX
; XXXXXXXXXXXXXXXXXXXXXXXXXXXXXXXXXXXXXXXXXXXXXXXXXXXXXXXXXXXX
; XXXXXXXXXXXXXXXXXXXXXXXXXXXXXXXXXXXXXXXXXXXXXXXXXXXXXXXXXXXX
; XXXXXXXXXXXXXXXXXXXXXXXXXXXXXXXXXXXXXXXXXXXXXXXXXXXXXXXXXXXX
; XXXXXXXXXXXXXXXXXXXXXXXXXXXXXXXXXXXXXXXXXXXXXXXXXXXXXXXXXXXX
; XXXXXXXXXXXXXXXXXXXXXXXXXXXXXXXXXXXXXXXXXXXXXXXXXXXXXXXXXXXX
